<?xml version="1.0" encoding="UTF-8"?>
<!-- Generated by org.testng.reporters.JUnitXMLReporter -->
<testsuite hostname="L-000613" name="Default test" tests="2" failures="1" timestamp="15 Aug 2016 07:45:52 GMT" time="21.345" errors="0">
  <testcase name="verifyArea" time="0.127" classname="test.account.MyAccountTest"/>
  <testcase name="verifyProfileAccount" time="0.059" classname="test.account.MyAccountTest">
    <failure type="java.lang.AssertionError">
      <![CDATA[java.lang.AssertionError
	at library.util.Verification.print(Verification.java:23)
	at library.util.Verification.verifyString(Verification.java:39)
	at test.account.MyAccountTest.verifyProfileAccount(MyAccountTest.java:58)
... Removed 25 stack frames]]>
    </failure>
  </testcase> <!-- verifyProfileAccount -->
</testsuite> <!-- Default test -->
